<?xml version="1.0" encoding="UTF-8"?>
<testsuite name="com.utndesarrolloSw.TP1.infraestructura.repository.ClienteRepositoryTest" tests="1" skipped="0" failures="0" errors="0" timestamp="2023-09-11T23:17:36" hostname="MAR" time="0.846">
  <properties/>
  <testcase name="findByIdTest()" classname="com.utndesarrolloSw.TP1.infraestructura.repository.ClienteRepositoryTest" time="0.846"/>
  <system-out><![CDATA[20:17:24.277 [Test worker] INFO org.springframework.test.context.support.AnnotationConfigContextLoaderUtils -- Could not detect default configuration classes for test class [com.utndesarrolloSw.TP1.infraestructura.repository.ClienteRepositoryTest]: ClienteRepositoryTest does not declare any static, non-private, non-final, nested classes annotated with @Configuration.
20:17:24.448 [Test worker] INFO org.springframework.boot.test.context.SpringBootTestContextBootstrapper -- Found @SpringBootConfiguration com.utndesarrolloSw.TP1.Tp1Application for test class com.utndesarrolloSw.TP1.infraestructura.repository.ClienteRepositoryTest

  .   ____          _            __ _ _
 /\\ / ___'_ __ _ _(_)_ __  __ _ \ \ \ \
( ( )\___ | '_ | '_| | '_ \/ _` | \ \ \ \
 \\/  ___)| |_)| | | | | || (_| |  ) ) ) )
  '  |____| .__|_| |_|_| |_\__, | / / / /
 =========|_|==============|___/=/_/_/_/
 :: Spring Boot ::                (v3.1.3)

2023-09-11T20:17:25.227-03:00  INFO 15076 --- [    Test worker] c.u.T.i.r.ClienteRepositoryTest          : Starting ClienteRepositoryTest using Java 19 with PID 15076 (started by marti in C:\Users\marti\Desktop\ESCUELA\uni\3ER AÑO\Desarrollo SW\JPA\TP1)
2023-09-11T20:17:25.230-03:00  INFO 15076 --- [    Test worker] c.u.T.i.r.ClienteRepositoryTest          : No active profile set, falling back to 1 default profile: "default"
2023-09-11T20:17:26.539-03:00  INFO 15076 --- [    Test worker] .s.d.r.c.RepositoryConfigurationDelegate : Bootstrapping Spring Data JPA repositories in DEFAULT mode.
2023-09-11T20:17:26.613-03:00  INFO 15076 --- [    Test worker] .s.d.r.c.RepositoryConfigurationDelegate : Finished Spring Data repository scanning in 62 ms. Found 1 JPA repository interfaces.
2023-09-11T20:17:27.346-03:00  INFO 15076 --- [    Test worker] o.hibernate.jpa.internal.util.LogHelper  : HHH000204: Processing PersistenceUnitInfo [name: default]
2023-09-11T20:17:27.438-03:00  INFO 15076 --- [    Test worker] org.hibernate.Version                    : HHH000412: Hibernate ORM core version 6.2.7.Final
2023-09-11T20:17:27.442-03:00  INFO 15076 --- [    Test worker] org.hibernate.cfg.Environment            : HHH000406: Using bytecode reflection optimizer
2023-09-11T20:17:27.660-03:00  INFO 15076 --- [    Test worker] o.h.b.i.BytecodeProviderInitiator        : HHH000021: Bytecode provider name : bytebuddy
2023-09-11T20:17:27.903-03:00  INFO 15076 --- [    Test worker] o.s.o.j.p.SpringPersistenceUnitInfo      : No LoadTimeWeaver setup: ignoring JPA class transformer
2023-09-11T20:17:27.928-03:00  INFO 15076 --- [    Test worker] com.zaxxer.hikari.HikariDataSource       : HikariPool-1 - Starting...
2023-09-11T20:17:28.293-03:00  INFO 15076 --- [    Test worker] com.zaxxer.hikari.pool.HikariPool        : HikariPool-1 - Added connection com.mysql.cj.jdbc.ConnectionImpl@47ef5a33
2023-09-11T20:17:28.295-03:00  INFO 15076 --- [    Test worker] com.zaxxer.hikari.HikariDataSource       : HikariPool-1 - Start completed.
2023-09-11T20:17:28.710-03:00  INFO 15076 --- [    Test worker] o.h.b.i.BytecodeProviderInitiator        : HHH000021: Bytecode provider name : bytebuddy
2023-09-11T20:17:29.522-03:00  INFO 15076 --- [    Test worker] o.h.e.t.j.p.i.JtaPlatformInitiator       : HHH000490: Using JtaPlatform implementation: [org.hibernate.engine.transaction.jta.platform.internal.NoJtaPlatform]
Hibernate: drop table if exists cliente
Hibernate: drop table if exists cliente_seq
Hibernate: drop table if exists detalle_pedido_seq
Hibernate: drop table if exists detalle_pedido
Hibernate: drop table if exists domicilio
Hibernate: drop table if exists domicilio_seq
Hibernate: drop table if exists factura
Hibernate: drop table if exists factura_seq
Hibernate: drop table if exists pedido
Hibernate: drop table if exists pedido_seq
Hibernate: drop table if exists producto
Hibernate: drop table if exists producto_seq
Hibernate: drop table if exists rubro
Hibernate: drop table if exists rubro_seq
Hibernate: create table cliente (id bigint not null, apellido varchar(255), email varchar(255), nombre varchar(255), telefono varchar(255), primary key (id)) engine=InnoDB
Hibernate: create table cliente_seq (next_val bigint) engine=InnoDB
Hibernate: insert into cliente_seq values ( 1 )
Hibernate: create table detalle_pedido_seq (next_val bigint) engine=InnoDB
Hibernate: insert into detalle_pedido_seq values ( 1 )
Hibernate: create table detalle_pedido (cantidad integer not null, sub_total float(53) not null, id bigint not null, primary key (id)) engine=InnoDB
Hibernate: create table domicilio (id bigint not null, calle varchar(255), localidad varchar(255), numero varchar(255), primary key (id)) engine=InnoDB
Hibernate: create table domicilio_seq (next_val bigint) engine=InnoDB
Hibernate: insert into domicilio_seq values ( 1 )
Hibernate: create table factura (descuento float(53) not null, numero integer not null, total integer not null, fecha datetime(6), id bigint not null, forma_pago varchar(255), primary key (id)) engine=InnoDB
Hibernate: create table factura_seq (next_val bigint) engine=InnoDB
Hibernate: insert into factura_seq values ( 1 )
Hibernate: create table pedido (total float(53) not null, fecha datetime(6), id bigint not null, estado varchar(255), tipo_envio varchar(255), primary key (id)) engine=InnoDB
Hibernate: create table pedido_seq (next_val bigint) engine=InnoDB
Hibernate: insert into pedido_seq values ( 1 )
Hibernate: create table producto (precio_compra float(53) not null, precio_venta float(53) not null, stock_actual integer not null, stock_minimo integer not null, tiempo_estimado_cocina integer not null, id bigint not null, denominacion varchar(255), receta varchar(255), tipo varchar(255), unidad_medida varchar(255), primary key (id)) engine=InnoDB
Hibernate: create table producto_seq (next_val bigint) engine=InnoDB
Hibernate: insert into producto_seq values ( 1 )
Hibernate: create table rubro (id bigint not null, denominacion varchar(255), primary key (id)) engine=InnoDB
Hibernate: create table rubro_seq (next_val bigint) engine=InnoDB
Hibernate: insert into rubro_seq values ( 1 )
2023-09-11T20:17:35.262-03:00  INFO 15076 --- [    Test worker] j.LocalContainerEntityManagerFactoryBean : Initialized JPA EntityManagerFactory for persistence unit 'default'
2023-09-11T20:17:35.445-03:00  WARN 15076 --- [    Test worker] JpaBaseConfiguration$JpaWebConfiguration : spring.jpa.open-in-view is enabled by default. Therefore, database queries may be performed during view rendering. Explicitly configure spring.jpa.open-in-view to disable this warning
2023-09-11T20:17:36.730-03:00  INFO 15076 --- [    Test worker] o.s.b.a.e.web.EndpointLinksResolver      : Exposing 1 endpoint(s) beneath base path '/actuator'
2023-09-11T20:17:36.830-03:00  INFO 15076 --- [    Test worker] c.u.T.i.r.ClienteRepositoryTest          : Started ClienteRepositoryTest in 12.121 seconds (process running for 13.899)
Hibernate: select next_val as id_val from cliente_seq for update
Hibernate: update cliente_seq set next_val= ? where next_val=?
Hibernate: insert into cliente (apellido,email,nombre,telefono,id) values (?,?,?,?,?)
Hibernate: select c1_0.id,c1_0.apellido,c1_0.email,c1_0.nombre,c1_0.telefono from cliente c1_0 where c1_0.id=?
]]></system-out>
  <system-err><![CDATA[]]></system-err>
</testsuite>
